<?xml version="1.0" encoding="UTF-8"?>
<!-- Generated by org.testng.reporters.JUnitReportReporter -->
<testsuite ignored="0" hostname="DESKTOP-6CSD5PL" failures="0" tests="1" name="TestClasses.TestClass01" time="57.733" errors="0" timestamp="02 Mar 2021 07:21:54 GMT" skipped="0">
  <testcase classname="TestClasses.TestClass01" name="addEmpOHRM" time="57.733"/>
</testsuite> <!-- TestClasses.TestClass01 -->
