<?xml version="1.0" encoding="UTF-8"?>
<!-- Generated by org.testng.reporters.JUnitReportReporter -->
<testsuite ignored="0" hostname="DESKTOP-6CSD5PL" failures="0" tests="1" name="TestClasses.NewTest" time="5.223" errors="0" timestamp="02 Mar 2021 07:20:08 GMT" skipped="0">
  <testcase classname="TestClasses.NewTest" name="f" time="5.223"/>
</testsuite> <!-- TestClasses.NewTest -->
